{"C:\\Users\\SINDARAP\\Documents\\TvShows-App-V1.1\\TvShows-App-V1.1\\src\\App.css": {"path":"C:\\Users\\SINDARAP\\Documents\\TvShows-App-V1.1\\TvShows-App-V1.1\\src\\App.css","statementMap":{},"fnMap":{},"branchMap":{},"s":{},"f":{},"b":{},"inputSourceMap":null,"_coverageSchema":"1a1c01bbd47fc00a2c39e90264f33305004495a9","hash":"72839aaff6136b4e1b092f579e78a7b7a3e01a7e"}
,"C:\\Users\\SINDARAP\\Documents\\TvShows-App-V1.1\\TvShows-App-V1.1\\src\\App.js": {"path":"C:\\Users\\SINDARAP\\Documents\\TvShows-App-V1.1\\TvShows-App-V1.1\\src\\App.js","statementMap":{"0":{"start":{"line":13,"column":2},"end":{"line":24,"column":4}}},"fnMap":{"0":{"name":"App","decl":{"start":{"line":12,"column":9},"end":{"line":12,"column":12}},"loc":{"start":{"line":12,"column":15},"end":{"line":25,"column":1}},"line":12}},"branchMap":{},"s":{"0":1},"f":{"0":1},"b":{},"_coverageSchema":"1a1c01bbd47fc00a2c39e90264f33305004495a9","hash":"5e5ea00de8acdb42c728c0f0e35d7188102355a6"}
,"C:\\Users\\SINDARAP\\Documents\\TvShows-App-V1.1\\TvShows-App-V1.1\\src\\components\\ItemList.js": {"path":"C:\\Users\\SINDARAP\\Documents\\TvShows-App-V1.1\\TvShows-App-V1.1\\src\\components\\ItemList.js","statementMap":{"0":{"start":{"line":4,"column":17},"end":{"line":17,"column":1}},"1":{"start":{"line":5,"column":50},"end":{"line":5,"column":54}},"2":{"start":{"line":6,"column":4},"end":{"line":16,"column":2}},"3":{"start":{"line":13,"column":20},"end":{"line":13,"column":81}}},"fnMap":{"0":{"name":"(anonymous_0)","decl":{"start":{"line":4,"column":17},"end":{"line":4,"column":18}},"loc":{"start":{"line":4,"column":32},"end":{"line":17,"column":1}},"line":4},"1":{"name":"(anonymous_1)","decl":{"start":{"line":12,"column":34},"end":{"line":12,"column":35}},"loc":{"start":{"line":12,"column":43},"end":{"line":13,"column":82}},"line":12}},"branchMap":{"0":{"loc":{"start":{"line":8,"column":22},"end":{"line":8,"column":139}},"type":"cond-expr","locations":[{"start":{"line":8,"column":30},"end":{"line":8,"column":42}},{"start":{"line":8,"column":45},"end":{"line":8,"column":139}}],"line":8},"1":{"loc":{"start":{"line":11,"column":47},"end":{"line":11,"column":93}},"type":"cond-expr","locations":[{"start":{"line":11,"column":65},"end":{"line":11,"column":79}},{"start":{"line":11,"column":82},"end":{"line":11,"column":93}}],"line":11}},"s":{"0":4,"1":2,"2":2,"3":6},"f":{"0":2,"1":6},"b":{"0":[1,1],"1":[1,1]},"_coverageSchema":"1a1c01bbd47fc00a2c39e90264f33305004495a9","hash":"e8716f84164fab2a09a1c526879280a853f5716a"}
,"C:\\Users\\SINDARAP\\Documents\\TvShows-App-V1.1\\TvShows-App-V1.1\\src\\components\\NavBar.js": {"path":"C:\\Users\\SINDARAP\\Documents\\TvShows-App-V1.1\\TvShows-App-V1.1\\src\\components\\NavBar.js","statementMap":{"0":{"start":{"line":4,"column":22},"end":{"line":20,"column":1}},"1":{"start":{"line":5,"column":4},"end":{"line":19,"column":5}}},"fnMap":{"0":{"name":"(anonymous_0)","decl":{"start":{"line":4,"column":22},"end":{"line":4,"column":23}},"loc":{"start":{"line":4,"column":28},"end":{"line":20,"column":1}},"line":4}},"branchMap":{},"s":{"0":2,"1":2},"f":{"0":2},"b":{},"_coverageSchema":"1a1c01bbd47fc00a2c39e90264f33305004495a9","hash":"2ae408581edad714882705913ecc13686db85d56"}
,"C:\\Users\\SINDARAP\\Documents\\TvShows-App-V1.1\\TvShows-App-V1.1\\src\\components\\SearchBar.js": {"path":"C:\\Users\\SINDARAP\\Documents\\TvShows-App-V1.1\\TvShows-App-V1.1\\src\\components\\SearchBar.js","statementMap":{"0":{"start":{"line":8,"column":25},"end":{"line":97,"column":1}},"1":{"start":{"line":9,"column":32},"end":{"line":9,"column":44}},"2":{"start":{"line":10,"column":30},"end":{"line":10,"column":42}},"3":{"start":{"line":11,"column":46},"end":{"line":11,"column":61}},"4":{"start":{"line":12,"column":19},"end":{"line":35,"column":17}},"5":{"start":{"line":37,"column":4},"end":{"line":41,"column":16}},"6":{"start":{"line":38,"column":8},"end":{"line":40,"column":10}},"7":{"start":{"line":39,"column":12},"end":{"line":39,"column":30}},"8":{"start":{"line":43,"column":28},"end":{"line":54,"column":5}},"9":{"start":{"line":44,"column":8},"end":{"line":44,"column":27}},"10":{"start":{"line":45,"column":8},"end":{"line":53,"column":9}},"11":{"start":{"line":46,"column":12},"end":{"line":46,"column":44}},"12":{"start":{"line":49,"column":12},"end":{"line":52,"column":14}},"13":{"start":{"line":50,"column":33},"end":{"line":50,"column":66}},"14":{"start":{"line":50,"column":56},"end":{"line":50,"column":65}},"15":{"start":{"line":51,"column":16},"end":{"line":51,"column":35}},"16":{"start":{"line":56,"column":26},"end":{"line":61,"column":5}},"17":{"start":{"line":57,"column":8},"end":{"line":59,"column":9}},"18":{"start":{"line":58,"column":12},"end":{"line":58,"column":77}},"19":{"start":{"line":58,"column":40},"end":{"line":58,"column":75}},"20":{"start":{"line":60,"column":8},"end":{"line":60,"column":21}},"21":{"start":{"line":63,"column":4},"end":{"line":96,"column":5}},"22":{"start":{"line":70,"column":37},"end":{"line":70,"column":62}},"23":{"start":{"line":77,"column":41},"end":{"line":77,"column":73}},"24":{"start":{"line":79,"column":24},"end":{"line":79,"column":99}},"25":{"start":{"line":85,"column":36},"end":{"line":85,"column":71}},"26":{"start":{"line":87,"column":24},"end":{"line":91,"column":31}}},"fnMap":{"0":{"name":"(anonymous_0)","decl":{"start":{"line":8,"column":25},"end":{"line":8,"column":26}},"loc":{"start":{"line":8,"column":31},"end":{"line":97,"column":1}},"line":8},"1":{"name":"(anonymous_1)","decl":{"start":{"line":37,"column":14},"end":{"line":37,"column":15}},"loc":{"start":{"line":37,"column":20},"end":{"line":41,"column":5}},"line":37},"2":{"name":"(anonymous_2)","decl":{"start":{"line":38,"column":27},"end":{"line":38,"column":28}},"loc":{"start":{"line":38,"column":36},"end":{"line":40,"column":9}},"line":38},"3":{"name":"(anonymous_3)","decl":{"start":{"line":43,"column":28},"end":{"line":43,"column":29}},"loc":{"start":{"line":43,"column":35},"end":{"line":54,"column":5}},"line":43},"4":{"name":"(anonymous_4)","decl":{"start":{"line":49,"column":36},"end":{"line":49,"column":37}},"loc":{"start":{"line":49,"column":45},"end":{"line":52,"column":13}},"line":49},"5":{"name":"(anonymous_5)","decl":{"start":{"line":50,"column":46},"end":{"line":50,"column":47}},"loc":{"start":{"line":50,"column":56},"end":{"line":50,"column":65}},"line":50},"6":{"name":"(anonymous_6)","decl":{"start":{"line":56,"column":26},"end":{"line":56,"column":27}},"loc":{"start":{"line":56,"column":32},"end":{"line":61,"column":5}},"line":56},"7":{"name":"(anonymous_7)","decl":{"start":{"line":58,"column":32},"end":{"line":58,"column":33}},"loc":{"start":{"line":58,"column":40},"end":{"line":58,"column":75}},"line":58},"8":{"name":"(anonymous_8)","decl":{"start":{"line":70,"column":30},"end":{"line":70,"column":31}},"loc":{"start":{"line":70,"column":37},"end":{"line":70,"column":62}},"line":70},"9":{"name":"(anonymous_9)","decl":{"start":{"line":77,"column":34},"end":{"line":77,"column":35}},"loc":{"start":{"line":77,"column":41},"end":{"line":77,"column":73}},"line":77},"10":{"name":"(anonymous_10)","decl":{"start":{"line":78,"column":32},"end":{"line":78,"column":33}},"loc":{"start":{"line":79,"column":24},"end":{"line":79,"column":99}},"line":79},"11":{"name":"(anonymous_11)","decl":{"start":{"line":85,"column":26},"end":{"line":85,"column":27}},"loc":{"start":{"line":85,"column":36},"end":{"line":85,"column":71}},"line":85},"12":{"name":"(anonymous_12)","decl":{"start":{"line":86,"column":25},"end":{"line":86,"column":26}},"loc":{"start":{"line":86,"column":35},"end":{"line":92,"column":21}},"line":86}},"branchMap":{"0":{"loc":{"start":{"line":45,"column":8},"end":{"line":53,"column":9}},"type":"if","locations":[{"start":{"line":45,"column":8},"end":{"line":53,"column":9}},{"start":{"line":45,"column":8},"end":{"line":53,"column":9}}],"line":45},"1":{"loc":{"start":{"line":57,"column":8},"end":{"line":59,"column":9}},"type":"if","locations":[{"start":{"line":57,"column":8},"end":{"line":59,"column":9}},{"start":{"line":57,"column":8},"end":{"line":59,"column":9}}],"line":57},"2":{"loc":{"start":{"line":84,"column":18},"end":{"line":92,"column":22}},"type":"binary-expr","locations":[{"start":{"line":84,"column":18},"end":{"line":84,"column":23}},{"start":{"line":84,"column":27},"end":{"line":92,"column":22}}],"line":84}},"s":{"0":3,"1":2,"2":2,"3":2,"4":2,"5":2,"6":1,"7":1,"8":2,"9":2,"10":2,"11":2,"12":0,"13":0,"14":0,"15":0,"16":2,"17":2,"18":0,"19":0,"20":2,"21":2,"22":1,"23":0,"24":46,"25":0,"26":0},"f":{"0":2,"1":1,"2":1,"3":2,"4":0,"5":0,"6":2,"7":0,"8":1,"9":0,"10":46,"11":0,"12":0},"b":{"0":[2,0],"1":[0,2],"2":[2,2]},"_coverageSchema":"1a1c01bbd47fc00a2c39e90264f33305004495a9","hash":"05e0ab95fa11d1e115e3a38771db727ca0739ed6"}
,"C:\\Users\\SINDARAP\\Documents\\TvShows-App-V1.1\\TvShows-App-V1.1\\src\\pages\\About.js": {"path":"C:\\Users\\SINDARAP\\Documents\\TvShows-App-V1.1\\TvShows-App-V1.1\\src\\pages\\About.js","statementMap":{"0":{"start":{"line":3,"column":14},"end":{"line":20,"column":1}},"1":{"start":{"line":4,"column":4},"end":{"line":19,"column":5}}},"fnMap":{"0":{"name":"(anonymous_0)","decl":{"start":{"line":3,"column":14},"end":{"line":3,"column":15}},"loc":{"start":{"line":3,"column":20},"end":{"line":20,"column":1}},"line":3}},"branchMap":{},"s":{"0":2,"1":1},"f":{"0":1},"b":{},"_coverageSchema":"1a1c01bbd47fc00a2c39e90264f33305004495a9","hash":"fb542598b36fe9c658554a41b0052342bc3dd75e"}
,"C:\\Users\\SINDARAP\\Documents\\TvShows-App-V1.1\\TvShows-App-V1.1\\src\\pages\\Home.js": {"path":"C:\\Users\\SINDARAP\\Documents\\TvShows-App-V1.1\\TvShows-App-V1.1\\src\\pages\\Home.js","statementMap":{"0":{"start":{"line":6,"column":13},"end":{"line":11,"column":3}},"1":{"start":{"line":7,"column":4},"end":{"line":11,"column":2}}},"fnMap":{"0":{"name":"(anonymous_0)","decl":{"start":{"line":6,"column":13},"end":{"line":6,"column":14}},"loc":{"start":{"line":6,"column":19},"end":{"line":11,"column":3}},"line":6}},"branchMap":{},"s":{"0":2,"1":1},"f":{"0":1},"b":{},"_coverageSchema":"1a1c01bbd47fc00a2c39e90264f33305004495a9","hash":"29b0860c8ad37c560c9f81f7a62c251a4e0b23f2"}
,"C:\\Users\\SINDARAP\\Documents\\TvShows-App-V1.1\\TvShows-App-V1.1\\src\\pages\\SingleShow.js": {"path":"C:\\Users\\SINDARAP\\Documents\\TvShows-App-V1.1\\TvShows-App-V1.1\\src\\pages\\SingleShow.js","statementMap":{"0":{"start":{"line":4,"column":19},"end":{"line":30,"column":1}},"1":{"start":{"line":5,"column":28},"end":{"line":5,"column":40}},"2":{"start":{"line":6,"column":4},"end":{"line":10,"column":10}},"3":{"start":{"line":7,"column":8},"end":{"line":9,"column":10}},"4":{"start":{"line":8,"column":12},"end":{"line":8,"column":30}},"5":{"start":{"line":12,"column":4},"end":{"line":29,"column":5}},"6":{"start":{"line":19,"column":20},"end":{"line":19,"column":89}}},"fnMap":{"0":{"name":"(anonymous_0)","decl":{"start":{"line":4,"column":19},"end":{"line":4,"column":20}},"loc":{"start":{"line":4,"column":34},"end":{"line":30,"column":1}},"line":4},"1":{"name":"(anonymous_1)","decl":{"start":{"line":6,"column":14},"end":{"line":6,"column":15}},"loc":{"start":{"line":6,"column":20},"end":{"line":10,"column":5}},"line":6},"2":{"name":"(anonymous_2)","decl":{"start":{"line":7,"column":44},"end":{"line":7,"column":45}},"loc":{"start":{"line":7,"column":53},"end":{"line":9,"column":9}},"line":7},"3":{"name":"(anonymous_3)","decl":{"start":{"line":18,"column":52},"end":{"line":18,"column":53}},"loc":{"start":{"line":18,"column":61},"end":{"line":20,"column":17}},"line":18}},"branchMap":{"0":{"loc":{"start":{"line":14,"column":22},"end":{"line":14,"column":65}},"type":"cond-expr","locations":[{"start":{"line":14,"column":35},"end":{"line":14,"column":52}},{"start":{"line":14,"column":55},"end":{"line":14,"column":65}}],"line":14},"1":{"loc":{"start":{"line":16,"column":21},"end":{"line":16,"column":47}},"type":"binary-expr","locations":[{"start":{"line":16,"column":21},"end":{"line":16,"column":34}},{"start":{"line":16,"column":38},"end":{"line":16,"column":47}}],"line":16},"2":{"loc":{"start":{"line":17,"column":29},"end":{"line":17,"column":85}},"type":"cond-expr","locations":[{"start":{"line":17,"column":52},"end":{"line":17,"column":71}},{"start":{"line":17,"column":74},"end":{"line":17,"column":85}}],"line":17},"3":{"loc":{"start":{"line":18,"column":21},"end":{"line":20,"column":18}},"type":"binary-expr","locations":[{"start":{"line":18,"column":21},"end":{"line":18,"column":32}},{"start":{"line":18,"column":36},"end":{"line":20,"column":18}}],"line":18},"4":{"loc":{"start":{"line":22,"column":28},"end":{"line":22,"column":54}},"type":"binary-expr","locations":[{"start":{"line":22,"column":28},"end":{"line":22,"column":39}},{"start":{"line":22,"column":43},"end":{"line":22,"column":54}}],"line":22},"5":{"loc":{"start":{"line":23,"column":31},"end":{"line":23,"column":70}},"type":"cond-expr","locations":[{"start":{"line":23,"column":48},"end":{"line":23,"column":62}},{"start":{"line":23,"column":65},"end":{"line":23,"column":70}}],"line":23},"6":{"loc":{"start":{"line":24,"column":29},"end":{"line":24,"column":101}},"type":"cond-expr","locations":[{"start":{"line":24,"column":68},"end":{"line":24,"column":93}},{"start":{"line":24,"column":96},"end":{"line":24,"column":101}}],"line":24},"7":{"loc":{"start":{"line":24,"column":29},"end":{"line":24,"column":65}},"type":"binary-expr","locations":[{"start":{"line":24,"column":29},"end":{"line":24,"column":41}},{"start":{"line":24,"column":45},"end":{"line":24,"column":65}}],"line":24},"8":{"loc":{"start":{"line":25,"column":36},"end":{"line":25,"column":81}},"type":"cond-expr","locations":[{"start":{"line":25,"column":56},"end":{"line":25,"column":73}},{"start":{"line":25,"column":76},"end":{"line":25,"column":81}}],"line":25},"9":{"loc":{"start":{"line":26,"column":20},"end":{"line":26,"column":77}},"type":"binary-expr","locations":[{"start":{"line":26,"column":20},"end":{"line":26,"column":32}},{"start":{"line":26,"column":36},"end":{"line":26,"column":77}}],"line":26}},"s":{"0":2,"1":2,"2":2,"3":1,"4":1,"5":2,"6":0},"f":{"0":2,"1":1,"2":1,"3":0},"b":{"0":[0,2],"1":[2,2],"2":[0,2],"3":[2,0],"4":[2,0],"5":[0,2],"6":[0,2],"7":[2,0],"8":[0,2],"9":[2,0]},"_coverageSchema":"1a1c01bbd47fc00a2c39e90264f33305004495a9","hash":"fdb125043e6bd9758cc3afa099cb97e5e8c944c0"}
,"C:\\Users\\SINDARAP\\Documents\\TvShows-App-V1.1\\TvShows-App-V1.1\\src\\service\\TvshowsApi.js": {"path":"C:\\Users\\SINDARAP\\Documents\\TvShows-App-V1.1\\TvShows-App-V1.1\\src\\service\\TvshowsApi.js","statementMap":{"0":{"start":{"line":3,"column":12},"end":{"line":3,"column":35}},"1":{"start":{"line":5,"column":26},"end":{"line":7,"column":1}},"2":{"start":{"line":6,"column":4},"end":{"line":6,"column":53}},"3":{"start":{"line":9,"column":27},"end":{"line":11,"column":1}},"4":{"start":{"line":10,"column":4},"end":{"line":10,"column":36}},"5":{"start":{"line":13,"column":29},"end":{"line":15,"column":1}},"6":{"start":{"line":14,"column":4},"end":{"line":14,"column":42}}},"fnMap":{"0":{"name":"(anonymous_0)","decl":{"start":{"line":5,"column":26},"end":{"line":5,"column":27}},"loc":{"start":{"line":5,"column":36},"end":{"line":7,"column":1}},"line":5},"1":{"name":"(anonymous_1)","decl":{"start":{"line":9,"column":27},"end":{"line":9,"column":28}},"loc":{"start":{"line":9,"column":33},"end":{"line":11,"column":1}},"line":9},"2":{"name":"(anonymous_2)","decl":{"start":{"line":13,"column":29},"end":{"line":13,"column":30}},"loc":{"start":{"line":13,"column":37},"end":{"line":15,"column":1}},"line":13}},"branchMap":{},"s":{"0":3,"1":3,"2":1,"3":3,"4":1,"5":3,"6":1},"f":{"0":1,"1":1,"2":1},"b":{},"_coverageSchema":"1a1c01bbd47fc00a2c39e90264f33305004495a9","hash":"b8be9dcc76eafc8937eee1294ad7fa1600d2cfae"}
}
