TN:
SF:src\App.css
FNF:0
FNH:0
LF:0
LH:0
BRF:0
BRH:0
end_of_record
TN:
SF:src\App.js
FN:12,App
FNF:1
FNH:1
FNDA:1,App
DA:13,1
LF:1
LH:1
BRF:0
BRH:0
end_of_record
TN:
SF:src\components\ItemList.js
FN:4,(anonymous_0)
FN:12,(anonymous_1)
FNF:2
FNH:2
FNDA:2,(anonymous_0)
FNDA:6,(anonymous_1)
DA:4,4
DA:5,2
DA:6,2
DA:13,6
LF:4
LH:4
BRDA:8,0,0,1
BRDA:8,0,1,1
BRDA:11,1,0,1
BRDA:11,1,1,1
BRF:4
BRH:4
end_of_record
TN:
SF:src\components\NavBar.js
FN:4,(anonymous_0)
FNF:1
FNH:1
FNDA:2,(anonymous_0)
DA:4,2
DA:5,2
LF:2
LH:2
BRF:0
BRH:0
end_of_record
TN:
SF:src\components\SearchBar.js
FN:8,(anonymous_0)
FN:37,(anonymous_1)
FN:38,(anonymous_2)
FN:43,(anonymous_3)
FN:49,(anonymous_4)
FN:50,(anonymous_5)
FN:56,(anonymous_6)
FN:58,(anonymous_7)
FN:70,(anonymous_8)
FN:77,(anonymous_9)
FN:78,(anonymous_10)
FN:85,(anonymous_11)
FN:86,(anonymous_12)
FNF:13
FNH:7
FNDA:2,(anonymous_0)
FNDA:1,(anonymous_1)
FNDA:1,(anonymous_2)
FNDA:2,(anonymous_3)
FNDA:0,(anonymous_4)
FNDA:0,(anonymous_5)
FNDA:2,(anonymous_6)
FNDA:0,(anonymous_7)
FNDA:1,(anonymous_8)
FNDA:0,(anonymous_9)
FNDA:46,(anonymous_10)
FNDA:0,(anonymous_11)
FNDA:0,(anonymous_12)
DA:8,3
DA:9,2
DA:10,2
DA:11,2
DA:12,2
DA:37,2
DA:38,1
DA:39,1
DA:43,2
DA:44,2
DA:45,2
DA:46,2
DA:49,0
DA:50,0
DA:51,0
DA:56,2
DA:57,2
DA:58,0
DA:60,2
DA:63,2
DA:70,1
DA:77,0
DA:79,46
DA:85,0
DA:87,0
LF:25
LH:18
BRDA:45,0,0,2
BRDA:45,0,1,0
BRDA:57,1,0,0
BRDA:57,1,1,2
BRDA:84,2,0,2
BRDA:84,2,1,2
BRF:6
BRH:4
end_of_record
TN:
SF:src\pages\About.js
FN:3,(anonymous_0)
FNF:1
FNH:1
FNDA:1,(anonymous_0)
DA:3,2
DA:4,1
LF:2
LH:2
BRF:0
BRH:0
end_of_record
TN:
SF:src\pages\Home.js
FN:6,(anonymous_0)
FNF:1
FNH:1
FNDA:1,(anonymous_0)
DA:6,2
DA:7,1
LF:2
LH:2
BRF:0
BRH:0
end_of_record
TN:
SF:src\pages\SingleShow.js
FN:4,(anonymous_0)
FN:6,(anonymous_1)
FN:7,(anonymous_2)
FN:18,(anonymous_3)
FNF:4
FNH:3
FNDA:2,(anonymous_0)
FNDA:1,(anonymous_1)
FNDA:1,(anonymous_2)
FNDA:0,(anonymous_3)
DA:4,2
DA:5,2
DA:6,2
DA:7,1
DA:8,1
DA:12,2
DA:19,0
LF:7
LH:6
BRDA:14,0,0,0
BRDA:14,0,1,2
BRDA:16,1,0,2
BRDA:16,1,1,2
BRDA:17,2,0,0
BRDA:17,2,1,2
BRDA:18,3,0,2
BRDA:18,3,1,0
BRDA:22,4,0,2
BRDA:22,4,1,0
BRDA:23,5,0,0
BRDA:23,5,1,2
BRDA:24,6,0,0
BRDA:24,6,1,2
BRDA:24,7,0,2
BRDA:24,7,1,0
BRDA:25,8,0,0
BRDA:25,8,1,2
BRDA:26,9,0,2
BRDA:26,9,1,0
BRF:20
BRH:11
end_of_record
TN:
SF:src\service\TvshowsApi.js
FN:5,(anonymous_0)
FN:9,(anonymous_1)
FN:13,(anonymous_2)
FNF:3
FNH:3
FNDA:1,(anonymous_0)
FNDA:1,(anonymous_1)
FNDA:1,(anonymous_2)
DA:3,3
DA:5,3
DA:6,1
DA:9,3
DA:10,1
DA:13,3
DA:14,1
LF:7
LH:7
BRF:0
BRH:0
end_of_record
